1621236008524	geckodriver	INFO	Listening on 127.0.0.1:38925
1621236009540	mozrunner::runner	INFO	Running command: "/usr/bin/firefox" "--marionette" "-foreground" "-no-remote" "-profile" "/tmp/rust_mozprofileAyiTuC"
1621236009984	Marionette	INFO	Marionette enabled
console.warn: SearchSettings: "get: No settings file exists, new profile?" (new Error("", "(unknown module)"))
1621236011559	Marionette	INFO	Listening on port 36087
1621236011670	Marionette	WARN	TLS certificate errors will be ignored for this session
JavaScript warning: https://emea1.login.cp.thomsonreuters.net/auth/js/jquery-1.10.1.min.js, line 2: Using //@ to indicate sourceMappingURL pragmas is deprecated. Use //# instead
1621236036949	Marionette	WARN	TimedPromise timed out after 500 ms: stacktrace:
TimedPromise/<@chrome://marionette/content/sync.js:237:19
TimedPromise@chrome://marionette/content/sync.js:222:10
interaction.flushEventLoop@chrome://marionette/content/interaction.js:431:10
webdriverClickElement@chrome://marionette/content/interaction.js:179:31
1621236204273	geckodriver	INFO	Listening on 127.0.0.1:45353
1621236204278	mozrunner::runner	INFO	Running command: "/usr/bin/firefox" "--marionette" "-foreground" "-no-remote" "-profile" "/tmp/rust_mozprofilelTyAIP"
1621236204744	Marionette	INFO	Marionette enabled
console.warn: SearchSettings: "get: No settings file exists, new profile?" (new Error("", "(unknown module)"))
1621236206408	Marionette	INFO	Listening on port 37287
1621236206501	Marionette	WARN	TLS certificate errors will be ignored for this session
1621236208357	Marionette	INFO	Stopped listening on port 36087

###!!! [Parent][RunMessage] Error: Channel closing: too late to send/recv, messages will be lost

JavaScript warning: https://emea1.login.cp.thomsonreuters.net/auth/js/jquery-1.10.1.min.js, line 2: Using //@ to indicate sourceMappingURL pragmas is deprecated. Use //# instead
1621236300338	Marionette	WARN	Ignoring event 'pageshow' because document has an invalid readyState of 'uninitialized'.
1621236308524	Marionette	INFO	Stopped listening on port 37287

###!!! [Parent][RunMessage] Error: Channel closing: too late to send/recv, messages will be lost

1621236485115	geckodriver	INFO	Listening on 127.0.0.1:33613
1621236485120	mozrunner::runner	INFO	Running command: "/usr/bin/firefox" "--marionette" "-foreground" "-no-remote" "-profile" "/tmp/rust_mozprofilephhueC"
1621236485534	Marionette	INFO	Marionette enabled
console.warn: SearchSettings: "get: No settings file exists, new profile?" (new Error("", "(unknown module)"))
1621236487008	Marionette	INFO	Listening on port 44957
1621236487050	Marionette	WARN	TLS certificate errors will be ignored for this session
JavaScript warning: https://amers2.login.cp.thomsonreuters.net/auth/js/jquery-1.10.1.min.js, line 2: Using //@ to indicate sourceMappingURL pragmas is deprecated. Use //# instead
1621236513734	Marionette	WARN	TimedPromise timed out after 500 ms: stacktrace:
TimedPromise/<@chrome://marionette/content/sync.js:237:19
TimedPromise@chrome://marionette/content/sync.js:222:10
interaction.flushEventLoop@chrome://marionette/content/interaction.js:431:10
webdriverClickElement@chrome://marionette/content/interaction.js:179:31
1621236554418	Marionette	WARN	Ignoring event 'pageshow' because document has an invalid readyState of 'uninitialized'.
1621236556870	Marionette	INFO	Stopped listening on port 44957

###!!! [Parent][RunMessage] Error: Channel closing: too late to send/recv, messages will be lost

1621236557420	geckodriver	INFO	Listening on 127.0.0.1:59283
1621236557425	mozrunner::runner	INFO	Running command: "/usr/bin/firefox" "--marionette" "-foreground" "-no-remote" "-profile" "/tmp/rust_mozprofileYoK6tO"
1621236557841	Marionette	INFO	Marionette enabled
console.warn: SearchSettings: "get: No settings file exists, new profile?" (new Error("", "(unknown module)"))
1621236559329	Marionette	INFO	Listening on port 42285
1621236559444	Marionette	WARN	TLS certificate errors will be ignored for this session
JavaScript warning: https://emea1.login.cp.thomsonreuters.net/auth/js/jquery-1.10.1.min.js, line 2: Using //@ to indicate sourceMappingURL pragmas is deprecated. Use //# instead
1621236584321	Marionette	INFO	Stopped listening on port 42285

###!!! [Parent][RunMessage] Error: Channel closing: too late to send/recv, messages will be lost

1621236677669	geckodriver	INFO	Listening on 127.0.0.1:51185
1621236677674	mozrunner::runner	INFO	Running command: "/usr/bin/firefox" "--marionette" "-foreground" "-no-remote" "-profile" "/tmp/rust_mozprofilejGOPac"
1621236678089	Marionette	INFO	Marionette enabled
console.warn: SearchSettings: "get: No settings file exists, new profile?" (new Error("", "(unknown module)"))
1621236679633	Marionette	INFO	Listening on port 41927
1621236679698	Marionette	WARN	TLS certificate errors will be ignored for this session
JavaScript warning: https://emea1.login.cp.thomsonreuters.net/auth/js/jquery-1.10.1.min.js, line 2: Using //@ to indicate sourceMappingURL pragmas is deprecated. Use //# instead
JavaScript warning: https://ajax.googleapis.com/ajax/libs/jquery/1.10.1/jquery.min.js, line 2: Using //@ to indicate sourceMappingURL pragmas is deprecated. Use //# instead
1621237071500	Marionette	WARN	Ignoring event 'pageshow' because document has an invalid readyState of 'uninitialized'.
1621237072368	Marionette	INFO	Stopped listening on port 41927

###!!! [Parent][RunMessage] Error: Channel closing: too late to send/recv, messages will be lost

1621237078981	geckodriver	INFO	Listening on 127.0.0.1:38047
1621237078986	mozrunner::runner	INFO	Running command: "/usr/bin/firefox" "--marionette" "-foreground" "-no-remote" "-profile" "/tmp/rust_mozprofileQSKQQB"
1621237079400	Marionette	INFO	Marionette enabled
console.warn: SearchSettings: "get: No settings file exists, new profile?" (new Error("", "(unknown module)"))
1621237081055	Marionette	INFO	Listening on port 36395
1621237081130	Marionette	WARN	TLS certificate errors will be ignored for this session
JavaScript warning: https://apac1.login.cp.thomsonreuters.net/auth/js/jquery-1.10.1.min.js, line 2: Using //@ to indicate sourceMappingURL pragmas is deprecated. Use //# instead
1621237110145	Marionette	WARN	TimedPromise timed out after 500 ms: stacktrace:
TimedPromise/<@chrome://marionette/content/sync.js:237:19
TimedPromise@chrome://marionette/content/sync.js:222:10
interaction.flushEventLoop@chrome://marionette/content/interaction.js:431:10
webdriverClickElement@chrome://marionette/content/interaction.js:179:31
JavaScript warning: https://ajax.googleapis.com/ajax/libs/jquery/1.10.1/jquery.min.js, line 2: Using //@ to indicate sourceMappingURL pragmas is deprecated. Use //# instead
JavaScript warning: https://ajax.googleapis.com/ajax/libs/jquery/1.10.1/jquery.min.js, line 2: Using //@ to indicate sourceMappingURL pragmas is deprecated. Use //# instead
JavaScript warning: https://ajax.googleapis.com/ajax/libs/jquery/1.10.1/jquery.min.js, line 2: Using //@ to indicate sourceMappingURL pragmas is deprecated. Use //# instead
JavaScript warning: https://ajax.googleapis.com/ajax/libs/jquery/1.10.1/jquery.min.js, line 2: Using //@ to indicate sourceMappingURL pragmas is deprecated. Use //# instead
1621243405727	Marionette	WARN	Ignoring event 'DOMContentLoaded' because document has an invalid readyState of 'complete'.
1621243406822	Marionette	WARN	Ignoring event 'DOMContentLoaded' because document has an invalid readyState of 'complete'.
1621243407418	Marionette	WARN	Ignoring event 'DOMContentLoaded' because document has an invalid readyState of 'complete'.
1621243408570	Marionette	WARN	Ignoring event 'DOMContentLoaded' because document has an invalid readyState of 'complete'.
1621243434011	Marionette	WARN	Ignoring event 'DOMContentLoaded' because document has an invalid readyState of 'complete'.
1621243434241	Marionette	WARN	Ignoring event 'DOMContentLoaded' because document has an invalid readyState of 'complete'.
1621243434370	Marionette	WARN	Ignoring event 'DOMContentLoaded' because document has an invalid readyState of 'complete'.
1621243435247	Marionette	WARN	Ignoring event 'DOMContentLoaded' because document has an invalid readyState of 'complete'.
1621249704029	Marionette	WARN	Ignoring event 'pageshow' because document has an invalid readyState of 'uninitialized'.
1621249707076	Marionette	INFO	Stopped listening on port 36395

###!!! [Parent][RunMessage] Error: Channel closing: too late to send/recv, messages will be lost

1621249707607	geckodriver	INFO	Listening on 127.0.0.1:36079
1621249708621	mozrunner::runner	INFO	Running command: "/usr/bin/firefox" "--marionette" "-foreground" "-no-remote" "-profile" "/tmp/rust_mozprofileDTb5Ks"
1621249709055	Marionette	INFO	Marionette enabled
console.warn: SearchSettings: "get: No settings file exists, new profile?" (new Error("", "(unknown module)"))
1621249710601	Marionette	INFO	Listening on port 38825
1621249710652	Marionette	WARN	TLS certificate errors will be ignored for this session
JavaScript warning: https://emea1.login.cp.thomsonreuters.net/auth/js/jquery-1.10.1.min.js, line 2: Using //@ to indicate sourceMappingURL pragmas is deprecated. Use //# instead
JavaScript warning: https://ajax.googleapis.com/ajax/libs/jquery/1.10.1/jquery.min.js, line 2: Using //@ to indicate sourceMappingURL pragmas is deprecated. Use //# instead
JavaScript warning: https://ajax.googleapis.com/ajax/libs/jquery/1.10.1/jquery.min.js, line 2: Using //@ to indicate sourceMappingURL pragmas is deprecated. Use //# instead
JavaScript warning: https://ajax.googleapis.com/ajax/libs/jquery/1.10.1/jquery.min.js, line 2: Using //@ to indicate sourceMappingURL pragmas is deprecated. Use //# instead
JavaScript warning: https://ajax.googleapis.com/ajax/libs/jquery/1.10.1/jquery.min.js, line 2: Using //@ to indicate sourceMappingURL pragmas is deprecated. Use //# instead
1621250474298	Marionette	WARN	Ignoring event 'DOMContentLoaded' because document has an invalid readyState of 'complete'.
1621250475145	Marionette	WARN	Ignoring event 'DOMContentLoaded' because document has an invalid readyState of 'complete'.
JavaScript error: https://www.hella.com/hella-com/resources/public/library/script.js?ver=0c1f00331dee, line 5619: TypeError: _1b is null
1621251377932	Marionette	WARN	Ignoring event 'pageshow' because document has an invalid readyState of 'uninitialized'.
1621251380946	Marionette	INFO	Stopped listening on port 38825

###!!! [Parent][RunMessage] Error: Channel closing: too late to send/recv, messages will be lost

